DoorRFID-App/android/app/build/outputs/mapping/release/seeds.txt
com.doorrfidapp.MainActivity
com.doorrfidapp.MainActivity: MainActivity()
com.doorrfidapp.MainApplication
com.doorrfidapp.MainApplication: MainApplication()
com.doorrfidapp.R$anim: int abc_fade_in
com.doorrfidapp.R$anim: int abc_fade_out
com.doorrfidapp.R$anim: int abc_grow_fade_in_from_bottom
com.doorrfidapp.R$anim: int abc_popup_enter
com.doorrfidapp.R$anim: int abc_popup_exit
com.doorrfidapp.R$anim: int abc_shrink_fade_out_from_bottom
com.doorrfidapp.R$anim: int abc_slide_in_bottom
com.doorrfidapp.R$anim: int abc_slide_in_top
com.doorrfidapp.R$anim: int abc_slide_out_bottom
com.doorrfidapp.R$anim: int abc_slide_out_top
com.doorrfidapp.R$anim: int catalyst_fade_in
com.doorrfidapp.R$anim: int catalyst_fade_out
com.doorrfidapp.R$anim: int catalyst_push_up_in
com.doorrfidapp.R$anim: int catalyst_push_up_out
com.doorrfidapp.R$anim: int catalyst_slide_down
com.doorrfidapp.R$anim: int catalyst_slide_up
com.doorrfidapp.R$attr: int actionBarDivider
com.doorrfidapp.R$attr: int actionBarItemBackground
com.doorrfidapp.R$attr: int actionBarPopupTheme
com.doorrfidapp.R$attr: int actionBarSize
com.doorrfidapp.R$attr: int actionBarSplitStyle
com.doorrfidapp.R$attr: int actionBarStyle
com.doorrfidapp.R$attr: int actionBarTabBarStyle
com.doorrfidapp.R$attr: int actionBarTabStyle
com.doorrfidapp.R$attr: int actionBarTabTextStyle
com.doorrfidapp.R$attr: int actionBarTheme
com.doorrfidapp.R$attr: int actionBarWidgetTheme
com.doorrfidapp.R$attr: int actionButtonStyle
com.doorrfidapp.R$attr: int actionDropDownStyle
com.doorrfidapp.R$attr: int actionLayout
com.doorrfidapp.R$attr: int actionMenuTextAppearance
com.doorrfidapp.R$attr: int actionMenuTextColor
com.doorrfidapp.R$attr: int actionModeBackground
com.doorrfidapp.R$attr: int actionModeCloseButtonStyle
com.doorrfidapp.R$attr: int actionModeCloseDrawable
com.doorrfidapp.R$attr: int actionModeCopyDrawable
com.doorrfidapp.R$attr: int actionModeCutDrawable
com.doorrfidapp.R$attr: int actionModeFindDrawable
com.doorrfidapp.R$attr: int actionModePasteDrawable
com.doorrfidapp.R$attr: int actionModePopupWindowStyle
com.doorrfidapp.R$attr: int actionModeSelectAllDrawable
com.doorrfidapp.R$attr: int actionModeShareDrawable
com.doorrfidapp.R$attr: int actionModeSplitBackground
com.doorrfidapp.R$attr: int actionModeStyle
com.doorrfidapp.R$attr: int actionModeWebSearchDrawable
com.doorrfidapp.R$attr: int actionOverflowButtonStyle
com.doorrfidapp.R$bool: int abc_action_bar_embed_tabs
com.doorrfidapp.R$bool: int abc_action_bar_embed_tabs_pre_jb
com.doorrfidapp.R$bool: int abc_action_bar_expanded_action_views_exclusive
com.doorrfidapp.R$bool: int abc_allow_stacked_button_bar
com.doorrfidapp.R$bool: int abc_config_actionMenuItemAllCaps
com.doorrfidapp.R$bool: int abc_config_allowActionMenuItemTextWithIcon
com.doorrfidapp.R$bool: int abc_config_closeDialogWhenTouchOutside
com.doorrfidapp.R$bool: int abc_config_showMenuShortcutsWhenKeyboardPresent
...
com.facebook.yoga.YogaExperimentalFeature
com.facebook.yoga.YogaExperimentalFeature: com.facebook.yoga.YogaExperimentalFeature[] values()
com.facebook.yoga.YogaExperimentalFeature: com.facebook.yoga.YogaExperimentalFeature valueOf(java.lang.String)
com.facebook.yoga.YogaFlexDirection
com.facebook.yoga.YogaFlexDirection: com.facebook.yoga.YogaFlexDirection[] values()
com.facebook.yoga.YogaFlexDirection: com.facebook.yoga.YogaFlexDirection valueOf(java.lang.String)
com.facebook.yoga.YogaJustify
com.facebook.yoga.YogaJustify: com.facebook.yoga.YogaJustify[] values()
com.facebook.yoga.YogaJustify: com.facebook.yoga.YogaJustify valueOf(java.lang.String)
com.facebook.yoga.YogaLogLevel
com.facebook.yoga.YogaLogLevel: com.facebook.yoga.YogaLogLevel[] values()
com.facebook.yoga.YogaLogLevel: com.facebook.yoga.YogaLogLevel valueOf(java.lang.String)
com.facebook.yoga.YogaLogger
com.facebook.yoga.YogaLogger: void log(com.facebook.yoga.YogaNode,com.facebook.yoga.YogaLogLevel,java.lang.String)
com.facebook.yoga.YogaMeasureFunction
com.facebook.yoga.YogaMeasureFunction: long measure(com.facebook.yoga.YogaNode,float,com.facebook.yoga.YogaMeasureMode,float,com.facebook.yoga.YogaMeasureMode)
com.facebook.yoga.YogaMeasureMode
com.facebook.yoga.YogaMeasureMode: com.facebook.yoga.YogaMeasureMode[] values()
com.facebook.yoga.YogaMeasureMode: com.facebook.yoga.YogaMeasureMode valueOf(java.lang.String)
com.facebook.yoga.YogaNode
com.facebook.yoga.YogaNode: int mEdgeSetFlag
com.facebook.yoga.YogaNode: float mWidth
com.facebook.yoga.YogaNode: float mHeight
com.facebook.yoga.YogaNode: float mTop
com.facebook.yoga.YogaNode: float mLeft
com.facebook.yoga.YogaNode: float mMarginLeft
com.facebook.yoga.YogaNode: float mMarginTop
com.facebook.yoga.YogaNode: float mMarginRight
com.facebook.yoga.YogaNode: float mMarginBottom
com.facebook.yoga.YogaNode: float mPaddingLeft
com.facebook.yoga.YogaNode: float mPaddingTop
com.facebook.yoga.YogaNode: float mPaddingRight
com.facebook.yoga.YogaNode: float mPaddingBottom
com.facebook.yoga.YogaNode: float mBorderLeft
com.facebook.yoga.YogaNode: float mBorderTop
com.facebook.yoga.YogaNode: float mBorderRight
com.facebook.yoga.YogaNode: float mBorderBottom
com.facebook.yoga.YogaNode: int mLayoutDirection
com.facebook.yoga.YogaNode: boolean mHasNewLayout
com.facebook.yoga.YogaNode: int jni_YGNodeGetInstanceCount()
com.facebook.yoga.YogaNode: long jni_YGNodeNew()
com.facebook.yoga.YogaNode: long jni_YGNodeNewWithConfig(long)
com.facebook.yoga.YogaNode: void jni_YGNodeFree(long)
com.facebook.yoga.YogaNode: void jni_YGNodeReset(long)
com.facebook.yoga.YogaNode: void jni_YGNodeInsertChild(long,long,int)
com.facebook.yoga.YogaNode: void jni_YGNodeRemoveChild(long,long)
com.facebook.yoga.YogaNode: void jni_YGNodeCalculateLayout(long,float,float)
com.facebook.yoga.YogaNode: void jni_YGNodeMarkDirty(long)
com.facebook.yoga.YogaNodeType
com.facebook.yoga.YogaNodeType: com.facebook.yoga.YogaNodeType[] values()
com.facebook.yoga.YogaNodeType: com.facebook.yoga.YogaNodeType valueOf(java.lang.String)
com.facebook.yoga.YogaOverflow
com.facebook.yoga.YogaOverflow: com.facebook.yoga.YogaOverflow[] values()
com.facebook.yoga.YogaOverflow: com.facebook.yoga.YogaOverflow valueOf(java.lang.String)
com.facebook.yoga.YogaPositionType
com.facebook.yoga.YogaPositionType: com.facebook.yoga.YogaPositionType[] values()
com.facebook.yoga.YogaPositionType: com.facebook.yoga.YogaPositionType valueOf(java.lang.String)
com.facebook.yoga.YogaPrintOptions
com.facebook.yoga.YogaPrintOptions: com.facebook.yoga.YogaPrintOptions[] values()
com.facebook.yoga.YogaPrintOptions: com.facebook.yoga.YogaPrintOptions valueOf(java.lang.String)
com.facebook.yoga.YogaUnit
com.facebook.yoga.YogaUnit: com.facebook.yoga.YogaUnit[] values()
com.facebook.yoga.YogaUnit: com.facebook.yoga.YogaUnit valueOf(java.lang.String)
com.facebook.yoga.YogaValue
com.facebook.yoga.YogaValue: YogaValue(float,int)