DoorRFID-App/android/app/build/outputs/mapping/release/usage.txt
com.doorrfidapp.BuildConfig
com.doorrfidapp.R
com.doorrfidapp.R$anim
com.doorrfidapp.R$attr
com.doorrfidapp.R$bool
com.doorrfidapp.R$color
com.doorrfidapp.R$dimen
com.doorrfidapp.R$drawable
com.doorrfidapp.R$id
com.doorrfidapp.R$integer
com.doorrfidapp.R$layout
com.doorrfidapp.R$mipmap
com.doorrfidapp.R$string
com.doorrfidapp.R$style
com.doorrfidapp.R$styleable
com.doorrfidapp.R$xml
...
android.support.v4.view.ViewGroupCompat$ViewGroupCompatImpl:
    public abstract boolean onRequestSendAccessibilityEvent(android.view.ViewGroup,android.view.View,android.view.accessibility.AccessibilityEvent)
    public abstract int getLayoutMode(android.view.ViewGroup)
    public abstract void setLayoutMode(android.view.ViewGroup,int)
    public abstract void setTransitionGroup(android.view.ViewGroup,boolean)
    public abstract boolean isTransitionGroup(android.view.ViewGroup)
    public abstract int getNestedScrollAxes(android.view.ViewGroup)
android.support.v4.view.ViewGroupCompat$ViewGroupCompatJellybeanMR2Impl:
    113:113:public int getLayoutMode(android.view.ViewGroup)
    118:119:public void setLayoutMode(android.view.ViewGroup,int)
android.support.v4.view.ViewGroupCompat$ViewGroupCompatLollipopImpl:
    125:126:public void setTransitionGroup(android.view.ViewGroup,boolean)
    130:130:public boolean isTransitionGroup(android.view.ViewGroup)
    135:135:public int getNestedScrollAxes(android.view.ViewGroup)
android.support.v4.view.ViewGroupCompat$ViewGroupCompatStubImpl:
    60:60:public boolean onRequestSendAccessibilityEvent(android.view.ViewGroup,android.view.View,android.view.accessibility.AccessibilityEvent)
    69:69:public int getLayoutMode(android.view.ViewGroup)
    75:75:public void setLayoutMode(android.view.ViewGroup,int)
    79:79:public void setTransitionGroup(android.view.ViewGroup,boolean)
    83:83:public boolean isTransitionGroup(android.view.ViewGroup)
    88:91:public int getNestedScrollAxes(android.view.ViewGroup)
android.support.v4.view.ViewGroupCompatHC:
    23:24:private ViewGroupCompatHC()
android.support.v4.view.ViewGroupCompatIcs
android.support.v4.view.ViewGroupCompatJellybeanMR2
android.support.v4.view.ViewGroupCompatLollipop
android.support.v4.view.ViewPager:
    private static final java.lang.String TAG
    private static final boolean DEBUG
    private static final boolean USE_CACHE
    private static final int DEFAULT_OFFSCREEN_PAGES
    private static final int MAX_SETTLE_DURATION
    private static final int MIN_DISTANCE_FOR_FLING
    private static final int DEFAULT_GUTTER_SIZE
    private static final int MIN_FLING_VELOCITY
    private static final int INVALID_POINTER
    private static final int CLOSE_ENOUGH
    private long mFakeDragBeginTime
    private static final int DRAW_ORDER_DEFAULT
    private static final int DRAW_ORDER_FORWARD
    private static final int DRAW_ORDER_REVERSE
    public static final int SCROLL_STATE_IDLE
    public static final int SCROLL_STATE_DRAGGING
    public static final int SCROLL_STATE_SETTLING
    137:361:public ViewPager(android.content.Context,android.util.AttributeSet)
    662:666:public void addOnPageChangeListener(android.support.v4.view.ViewPager$OnPageChangeListener)
    675:678:public void removeOnPageChangeListener(android.support.v4.view.ViewPager$OnPageChangeListener)
    684:687:public void clearOnPageChangeListeners()
    702:714:public void setPageTransformer(boolean,android.support.v4.view.ViewPager$PageTransformer)
    748:750:android.support.v4.view.ViewPager$OnPageChangeListener setInternalPageChangeListener(android.support.v4.view.ViewPager$OnPageChangeListener)
    872:873:void smoothScrollTo(int,int)
android.support.v4.view.ViewPager$SimpleOnPageChangeListener
android.support.v4.view.ViewParentCompat:
    218:218:private ViewParentCompat()
    239:239:public static boolean requestSendAccessibilityEvent(android.view.ViewParent,android.view.View,android.view.accessibility.AccessibilityEvent)
    422:423:public static void notifySubtreeAccessibilityStateChanged(android.view.ViewParent,android.view.View,android.view.View,int)
android.support.v4.view.ViewParentCompat$ViewParentCompatICSImpl:
    140:140:public boolean requestSendAccessibilityEvent(android.view.ViewParent,android.view.View,android.view.accessibility.AccessibilityEvent)